<?xml version="1.0" encoding="UTF-8"?>
<testng-results skipped="0" failed="0" total="1" passed="1">
  <reporter-output>
  </reporter-output>
  <suite name="Default suite" duration-ms="20101" started-at="2017-10-13T04:37:56Z" finished-at="2017-10-13T04:38:16Z">
    <groups>
    </groups>
    <test name="Default test" duration-ms="20101" started-at="2017-10-13T04:37:56Z" finished-at="2017-10-13T04:38:16Z">
      <class name="com.VisualPath.LoginVerification">
        <test-method status="PASS" signature="UserLogin()[pri:0, instance:null]" name="UserLogin" duration-ms="20078" started-at="2017-10-13T10:07:56Z" finished-at="2017-10-13T10:08:16Z">
          <reporter-output>
          </reporter-output>
        </test-method> <!-- UserLogin -->
      </class> <!-- com.VisualPath.LoginVerification -->
    </test> <!-- Default test -->
  </suite> <!-- Default suite -->
</testng-results>
