<?xml version="1.0" encoding="UTF-8"?>
<testng-results skipped="0" failed="0" total="4" passed="4">
  <reporter-output>
  </reporter-output>
  <suite name="Suite" duration-ms="60362" started-at="2017-10-13T10:27:22Z" finished-at="2017-10-13T10:28:23Z">
    <groups>
    </groups>
    <test name="Test" duration-ms="60362" started-at="2017-10-13T10:27:22Z" finished-at="2017-10-13T10:28:23Z">
      <class name="com.VisualPath.SignupWithInputDetails">
        <test-method status="PASS" signature="CreateAccount()" name="CreateAccount" duration-ms="13565" started-at="2017-10-13T10:27:56Z" finished-at="2017-10-13T10:28:10Z">
        </test-method>
      </class>
      <class name="com.VisualPath.LoginVerificationWithInvalidCredentails">
        <test-method status="PASS" signature="UserLoginWithInvalidCredentails()" name="UserLoginWithInvalidCredentails" duration-ms="9788" started-at="2017-10-13T10:27:46Z" finished-at="2017-10-13T10:27:56Z">
        </test-method>
      </class>
      <class name="com.VisualPath.LoginVerification">
        <test-method status="PASS" signature="UserLogin()" name="UserLogin" duration-ms="23972" started-at="2017-10-13T10:27:22Z" finished-at="2017-10-13T10:27:46Z">
        </test-method>
      </class>
      <class name="com.VisualPath.SignupWithOldInputDetails">
        <test-method status="PASS" signature="CreateAccountWithoutdata()" name="CreateAccountWithoutdata" duration-ms="13021" started-at="2017-10-13T10:28:10Z" finished-at="2017-10-13T10:28:23Z">
        </test-method>
      </class>
    </test>
  </suite>
</testng-results>
